2022-01-28 19:35:53,593 [Worker-4: Loading available Gradle versions] INFO  o.e.b.c.i.u.g.PublishedGradleVersions - Gradle version information cache is up-to-date. Trying to read.
2022-01-28 19:37:32,986 [Worker-9: Creating project "SchemaRegistry"] INFO  o.e.m.c.i.l.LifecycleMappingFactory - Using org.eclipse.m2e.jdt.JarLifecycleMapping lifecycle mapping for MavenProject: AvroSerializer:SchemaRegistry:0.0.1-SNAPSHOT @ C:\SchemaSpace\SchemaRegistry\pom.xml.
2022-01-28 19:37:33,441 [Worker-9: Creating project "SchemaRegistry"] INFO  o.e.m.j.i.AbstractJavaProjectConfigurator - Adding source folder /SchemaRegistry/src/main/java
2022-01-28 19:37:33,442 [Worker-9: Creating project "SchemaRegistry"] INFO  o.e.m.j.i.AbstractJavaProjectConfigurator - Adding resource folder /SchemaRegistry/src/main/resources
2022-01-28 19:37:33,443 [Worker-9: Creating project "SchemaRegistry"] INFO  o.e.m.j.i.AbstractJavaProjectConfigurator - Adding source folder /SchemaRegistry/src/test/java
2022-01-28 19:37:33,443 [Worker-9: Creating project "SchemaRegistry"] INFO  o.e.m.j.i.AbstractJavaProjectConfigurator - Adding resource folder /SchemaRegistry/src/test/resources
2022-01-28 19:37:35,043 [Worker-15: Building] WARN  o.e.m.c.i.embedder.EclipseLogger - Using platform encoding (Cp1252 actually) to copy filtered resources, i.e. build is platform dependent!
2022-01-28 19:37:35,049 [Worker-15: Building] INFO  o.e.m.c.i.embedder.EclipseLogger - Copying 0 resource
2022-01-28 19:37:35,052 [Worker-15: Building] WARN  o.e.m.c.i.embedder.EclipseLogger - Using platform encoding (Cp1252 actually) to copy filtered resources, i.e. build is platform dependent!
2022-01-28 19:37:35,054 [Worker-15: Building] INFO  o.e.m.c.i.embedder.EclipseLogger - Copying 0 resource
2022-01-28 19:39:52,557 [Worker-19: Building] WARN  o.e.m.c.i.embedder.EclipseLogger - Using platform encoding (Cp1252 actually) to copy filtered resources, i.e. build is platform dependent!
2022-01-28 19:39:52,572 [Worker-19: Building] INFO  o.e.m.c.i.embedder.EclipseLogger - Copying 1 resource
2022-01-28 19:39:52,583 [Worker-19: Building] WARN  o.e.m.c.i.embedder.EclipseLogger - Using platform encoding (Cp1252 actually) to copy filtered resources, i.e. build is platform dependent!
2022-01-28 19:39:52,584 [Worker-19: Building] INFO  o.e.m.c.i.embedder.EclipseLogger - Copying 0 resource
2022-01-28 19:41:04,267 [Worker-9: Building] WARN  o.e.m.c.i.embedder.EclipseLogger - Using platform encoding (Cp1252 actually) to copy filtered resources, i.e. build is platform dependent!
2022-01-28 19:41:04,268 [Worker-9: Building] INFO  o.e.m.c.i.embedder.EclipseLogger - Copying 1 resource
2022-01-28 19:41:04,272 [Worker-9: Building] WARN  o.e.m.c.i.embedder.EclipseLogger - Using platform encoding (Cp1252 actually) to copy filtered resources, i.e. build is platform dependent!
2022-01-28 19:41:04,273 [Worker-9: Building] INFO  o.e.m.c.i.embedder.EclipseLogger - Copying 0 resource
2022-01-28 19:41:40,929 [Worker-9: Building] WARN  o.e.m.c.i.embedder.EclipseLogger - Using platform encoding (Cp1252 actually) to copy filtered resources, i.e. build is platform dependent!
2022-01-28 19:41:40,930 [Worker-9: Building] INFO  o.e.m.c.i.embedder.EclipseLogger - Copying 1 resource
2022-01-28 19:41:40,933 [Worker-9: Building] WARN  o.e.m.c.i.embedder.EclipseLogger - Using platform encoding (Cp1252 actually) to copy filtered resources, i.e. build is platform dependent!
2022-01-28 19:41:40,933 [Worker-9: Building] INFO  o.e.m.c.i.embedder.EclipseLogger - Copying 0 resource
2022-01-28 19:42:26,354 [Worker-15: Building] INFO  o.e.m.c.i.l.LifecycleMappingFactory - Using org.eclipse.m2e.jdt.JarLifecycleMapping lifecycle mapping for MavenProject: AvroSerializer:SchemaRegistry:0.0.1-SNAPSHOT @ C:\SchemaSpace\SchemaRegistry\pom.xml.
2022-01-28 19:42:27,738 [Worker-15: Building] WARN  o.e.m.c.i.embedder.EclipseLogger - Using platform encoding (Cp1252 actually) to copy filtered resources, i.e. build is platform dependent!
2022-01-28 19:42:27,741 [Worker-15: Building] INFO  o.e.m.c.i.embedder.EclipseLogger - Copying 0 resource
2022-01-28 19:42:27,745 [Worker-15: Building] WARN  o.e.m.c.i.embedder.EclipseLogger - Using platform encoding (Cp1252 actually) to copy filtered resources, i.e. build is platform dependent!
2022-01-28 19:42:27,745 [Worker-15: Building] INFO  o.e.m.c.i.embedder.EclipseLogger - Copying 0 resource
2022-01-28 19:42:29,709 [Worker-20: Building] WARN  o.e.m.c.i.embedder.EclipseLogger - Using platform encoding (Cp1252 actually) to copy filtered resources, i.e. build is platform dependent!
2022-01-28 19:42:29,714 [Worker-20: Building] INFO  o.e.m.c.i.embedder.EclipseLogger - Copying 1 resource
2022-01-28 19:42:29,725 [Worker-20: Building] WARN  o.e.m.c.i.embedder.EclipseLogger - Using platform encoding (Cp1252 actually) to copy filtered resources, i.e. build is platform dependent!
2022-01-28 19:42:29,727 [Worker-20: Building] INFO  o.e.m.c.i.embedder.EclipseLogger - Copying 0 resource
2022-01-28 19:42:32,077 [Worker-9: Launching Executing generate-sources in C__SchemaSpace_SchemaRegistry] INFO  o.e.m.i.launch.MavenLaunchDelegate - C:\SchemaSpace\SchemaRegistry
2022-01-28 19:42:32,079 [Worker-9: Launching Executing generate-sources in C__SchemaSpace_SchemaRegistry] INFO  o.e.m.i.launch.MavenLaunchDelegate -  mvn -B generate-sources
2022-01-28 19:42:32,079 [Worker-9: Launching Executing generate-sources in C__SchemaSpace_SchemaRegistry] WARN  o.e.m.i.l.MavenLaunchExtensionsSupport - Unknown or unsupported source locator org.eclipse.jdt.internal.launching.sourcelookup.advanced.AdvancedSourceLookupDirector
2022-01-28 19:45:18,963 [Worker-25: Building] WARN  o.e.m.c.i.embedder.EclipseLogger - Using platform encoding (Cp1252 actually) to copy filtered resources, i.e. build is platform dependent!
2022-01-28 19:45:18,964 [Worker-25: Building] INFO  o.e.m.c.i.embedder.EclipseLogger - Copying 1 resource
2022-01-28 19:45:18,966 [Worker-25: Building] WARN  o.e.m.c.i.embedder.EclipseLogger - Using platform encoding (Cp1252 actually) to copy filtered resources, i.e. build is platform dependent!
2022-01-28 19:45:18,968 [Worker-25: Building] INFO  o.e.m.c.i.embedder.EclipseLogger - Copying 0 resource
2022-01-28 19:45:48,590 [Worker-25: Launching Executing generate-sources in C__SchemaSpace_SchemaRegistry] INFO  o.e.m.i.launch.MavenLaunchDelegate - C:\SchemaSpace\SchemaRegistry
2022-01-28 19:45:48,590 [Worker-25: Launching Executing generate-sources in C__SchemaSpace_SchemaRegistry] INFO  o.e.m.i.launch.MavenLaunchDelegate -  mvn -B generate-sources
2022-01-28 19:45:52,188 [Worker-20: Building] WARN  o.e.m.c.i.embedder.EclipseLogger - Using platform encoding (Cp1252 actually) to copy filtered resources, i.e. build is platform dependent!
2022-01-28 19:45:52,191 [Worker-20: Building] INFO  o.e.m.c.i.embedder.EclipseLogger - Copying 1 resource
2022-01-28 19:45:52,192 [Worker-20: Building] WARN  o.e.m.c.i.embedder.EclipseLogger - Using platform encoding (Cp1252 actually) to copy filtered resources, i.e. build is platform dependent!
2022-01-28 19:45:52,194 [Worker-20: Building] INFO  o.e.m.c.i.embedder.EclipseLogger - Copying 0 resource
2022-01-28 19:46:19,459 [Worker-26: Building] WARN  o.e.m.c.i.embedder.EclipseLogger - Using platform encoding (Cp1252 actually) to copy filtered resources, i.e. build is platform dependent!
2022-01-28 19:46:19,461 [Worker-26: Building] INFO  o.e.m.c.i.embedder.EclipseLogger - Copying 0 resource
2022-01-28 19:46:19,463 [Worker-26: Building] WARN  o.e.m.c.i.embedder.EclipseLogger - Using platform encoding (Cp1252 actually) to copy filtered resources, i.e. build is platform dependent!
2022-01-28 19:46:19,463 [Worker-26: Building] INFO  o.e.m.c.i.embedder.EclipseLogger - Copying 0 resource
2022-01-28 19:46:42,265 [Worker-25: Building] WARN  o.e.m.c.i.embedder.EclipseLogger - Using platform encoding (Cp1252 actually) to copy filtered resources, i.e. build is platform dependent!
2022-01-28 19:46:42,267 [Worker-25: Building] INFO  o.e.m.c.i.embedder.EclipseLogger - Copying 1 resource
2022-01-28 19:46:42,269 [Worker-25: Building] WARN  o.e.m.c.i.embedder.EclipseLogger - Using platform encoding (Cp1252 actually) to copy filtered resources, i.e. build is platform dependent!
2022-01-28 19:46:42,270 [Worker-25: Building] INFO  o.e.m.c.i.embedder.EclipseLogger - Copying 0 resource
2022-01-28 19:48:07,452 [Worker-27: Building] WARN  o.e.m.c.i.embedder.EclipseLogger - Using platform encoding (Cp1252 actually) to copy filtered resources, i.e. build is platform dependent!
2022-01-28 19:48:07,456 [Worker-27: Building] INFO  o.e.m.c.i.embedder.EclipseLogger - Copying 1 resource
2022-01-28 19:48:07,463 [Worker-27: Building] WARN  o.e.m.c.i.embedder.EclipseLogger - Using platform encoding (Cp1252 actually) to copy filtered resources, i.e. build is platform dependent!
2022-01-28 19:48:07,465 [Worker-27: Building] INFO  o.e.m.c.i.embedder.EclipseLogger - Copying 0 resource
2022-01-28 19:56:11,032 [Worker-27: Launching AvroProducer] WARN  o.e.m.c.i.embedder.EclipseLogger - Using platform encoding (Cp1252 actually) to copy filtered resources, i.e. build is platform dependent!
2022-01-28 19:56:11,043 [Worker-27: Launching AvroProducer] INFO  o.e.m.c.i.embedder.EclipseLogger - Copying 1 resource
2022-01-28 19:56:11,049 [Worker-27: Launching AvroProducer] WARN  o.e.m.c.i.embedder.EclipseLogger - Using platform encoding (Cp1252 actually) to copy filtered resources, i.e. build is platform dependent!
2022-01-28 19:56:11,050 [Worker-27: Launching AvroProducer] INFO  o.e.m.c.i.embedder.EclipseLogger - Copying 0 resource
2022-01-28 19:56:32,752 [Worker-33: Building] WARN  o.e.m.c.i.embedder.EclipseLogger - Using platform encoding (Cp1252 actually) to copy filtered resources, i.e. build is platform dependent!
2022-01-28 19:56:32,754 [Worker-33: Building] INFO  o.e.m.c.i.embedder.EclipseLogger - Copying 1 resource
2022-01-28 19:56:32,756 [Worker-33: Building] WARN  o.e.m.c.i.embedder.EclipseLogger - Using platform encoding (Cp1252 actually) to copy filtered resources, i.e. build is platform dependent!
2022-01-28 19:56:32,757 [Worker-33: Building] INFO  o.e.m.c.i.embedder.EclipseLogger - Copying 0 resource
2022-01-31 09:19:47,273 [Worker-3: Loading available Gradle versions] INFO  o.e.b.c.i.u.g.PublishedGradleVersions - Gradle version information cache is out-of-date. Trying to update.
2022-01-31 09:28:03,810 [Worker-21: Building] WARN  o.e.m.c.i.embedder.EclipseLogger - Using platform encoding (Cp1252 actually) to copy filtered resources, i.e. build is platform dependent!
2022-01-31 09:28:03,829 [Worker-21: Building] INFO  o.e.m.c.i.embedder.EclipseLogger - Copying 2 resources
2022-01-31 09:28:03,839 [Worker-21: Building] WARN  o.e.m.c.i.embedder.EclipseLogger - Using platform encoding (Cp1252 actually) to copy filtered resources, i.e. build is platform dependent!
2022-01-31 09:28:03,841 [Worker-21: Building] INFO  o.e.m.c.i.embedder.EclipseLogger - Copying 0 resource
2022-01-31 09:28:08,017 [Worker-21: Building] WARN  o.e.m.c.i.embedder.EclipseLogger - Using platform encoding (Cp1252 actually) to copy filtered resources, i.e. build is platform dependent!
2022-01-31 09:28:08,022 [Worker-21: Building] INFO  o.e.m.c.i.embedder.EclipseLogger - Copying 1 resource
2022-01-31 09:28:08,025 [Worker-21: Building] WARN  o.e.m.c.i.embedder.EclipseLogger - Using platform encoding (Cp1252 actually) to copy filtered resources, i.e. build is platform dependent!
2022-01-31 09:28:08,027 [Worker-21: Building] INFO  o.e.m.c.i.embedder.EclipseLogger - Copying 0 resource
2022-01-31 09:28:31,050 [Worker-22: Launching Executing generate-sources in C__SchemaSpace_SchemaRegistry] INFO  o.e.m.i.launch.MavenLaunchDelegate - C:\SchemaSpace\SchemaRegistry
2022-01-31 09:28:31,051 [Worker-22: Launching Executing generate-sources in C__SchemaSpace_SchemaRegistry] INFO  o.e.m.i.launch.MavenLaunchDelegate -  mvn -B generate-sources
2022-01-31 09:28:38,110 [Worker-16: Building] WARN  o.e.m.c.i.embedder.EclipseLogger - Using platform encoding (Cp1252 actually) to copy filtered resources, i.e. build is platform dependent!
2022-01-31 09:28:38,114 [Worker-16: Building] INFO  o.e.m.c.i.embedder.EclipseLogger - Copying 2 resources
2022-01-31 09:28:38,117 [Worker-16: Building] WARN  o.e.m.c.i.embedder.EclipseLogger - Using platform encoding (Cp1252 actually) to copy filtered resources, i.e. build is platform dependent!
2022-01-31 09:28:38,119 [Worker-16: Building] INFO  o.e.m.c.i.embedder.EclipseLogger - Copying 0 resource
2022-01-31 09:29:08,088 [Worker-16: Launching Executing generate-sources in C__SchemaSpace_SchemaRegistry] INFO  o.e.m.i.launch.MavenLaunchDelegate - C:\SchemaSpace\SchemaRegistry
2022-01-31 09:29:08,088 [Worker-16: Launching Executing generate-sources in C__SchemaSpace_SchemaRegistry] INFO  o.e.m.i.launch.MavenLaunchDelegate -  mvn -B generate-sources
2022-01-31 09:31:56,431 [Worker-16: Launching Executing clean in C__SchemaSpace_SchemaRegistry] INFO  o.e.m.i.launch.MavenLaunchDelegate - C:\SchemaSpace\SchemaRegistry
2022-01-31 09:31:56,431 [Worker-16: Launching Executing clean in C__SchemaSpace_SchemaRegistry] INFO  o.e.m.i.launch.MavenLaunchDelegate -  mvn -B clean
2022-01-31 09:31:58,388 [Worker-16: Building] WARN  o.e.m.c.i.embedder.EclipseLogger - Using platform encoding (Cp1252 actually) to copy filtered resources, i.e. build is platform dependent!
2022-01-31 09:31:58,389 [Worker-16: Building] INFO  o.e.m.c.i.embedder.EclipseLogger - Copying 2 resources
2022-01-31 09:31:58,394 [Worker-16: Building] WARN  o.e.m.c.i.embedder.EclipseLogger - Using platform encoding (Cp1252 actually) to copy filtered resources, i.e. build is platform dependent!
2022-01-31 09:31:58,396 [Worker-16: Building] INFO  o.e.m.c.i.embedder.EclipseLogger - Copying 0 resource
2022-01-31 09:32:08,845 [Worker-26: Launching Executing clean in C__SchemaSpace_SchemaRegistry] INFO  o.e.m.i.launch.MavenLaunchDelegate - C:\SchemaSpace\SchemaRegistry
2022-01-31 09:32:08,845 [Worker-26: Launching Executing clean in C__SchemaSpace_SchemaRegistry] INFO  o.e.m.i.launch.MavenLaunchDelegate -  mvn -B clean
2022-01-31 09:32:10,615 [Worker-24: Building] WARN  o.e.m.c.i.embedder.EclipseLogger - Using platform encoding (Cp1252 actually) to copy filtered resources, i.e. build is platform dependent!
2022-01-31 09:32:10,618 [Worker-24: Building] INFO  o.e.m.c.i.embedder.EclipseLogger - Copying 2 resources
2022-01-31 09:32:10,623 [Worker-24: Building] WARN  o.e.m.c.i.embedder.EclipseLogger - Using platform encoding (Cp1252 actually) to copy filtered resources, i.e. build is platform dependent!
2022-01-31 09:32:10,624 [Worker-24: Building] INFO  o.e.m.c.i.embedder.EclipseLogger - Copying 0 resource
2022-01-31 09:32:19,142 [main] INFO  o.e.m2e.actions.ExecutePomAction - Creating new launch configuration
2022-01-31 09:32:30,484 [Worker-26: Launching Executing generate-sources in C__SchemaSpace_SchemaRegistry] INFO  o.e.m.i.launch.MavenLaunchDelegate - C:\SchemaSpace\SchemaRegistry
2022-01-31 09:32:30,485 [Worker-26: Launching Executing generate-sources in C__SchemaSpace_SchemaRegistry] INFO  o.e.m.i.launch.MavenLaunchDelegate -  mvn -B generate-sources
2022-01-31 09:37:44,190 [main] INFO  o.e.m2e.actions.ExecutePomAction - Creating new launch configuration
2022-01-31 09:38:07,488 [Worker-29: Launching Executing generate-sources in C__SchemaSpace_SchemaRegistry] INFO  o.e.m.i.launch.MavenLaunchDelegate - C:\SchemaSpace\SchemaRegistry
2022-01-31 09:38:07,489 [Worker-29: Launching Executing generate-sources in C__SchemaSpace_SchemaRegistry] INFO  o.e.m.i.launch.MavenLaunchDelegate -  mvn -B generate-sources
2022-01-31 09:43:43,111 [Worker-32: Launching AvroProducer] WARN  o.e.m.c.i.embedder.EclipseLogger - Using platform encoding (Cp1252 actually) to copy filtered resources, i.e. build is platform dependent!
2022-01-31 09:43:43,113 [Worker-32: Launching AvroProducer] INFO  o.e.m.c.i.embedder.EclipseLogger - Copying 2 resources
2022-01-31 09:43:43,115 [Worker-32: Launching AvroProducer] WARN  o.e.m.c.i.embedder.EclipseLogger - Using platform encoding (Cp1252 actually) to copy filtered resources, i.e. build is platform dependent!
2022-01-31 09:43:43,116 [Worker-32: Launching AvroProducer] INFO  o.e.m.c.i.embedder.EclipseLogger - Copying 0 resource
2022-01-31 09:47:13,297 [Worker-25: Launching AvroProducer] WARN  o.e.m.c.i.embedder.EclipseLogger - Using platform encoding (Cp1252 actually) to copy filtered resources, i.e. build is platform dependent!
2022-01-31 09:47:13,299 [Worker-25: Launching AvroProducer] INFO  o.e.m.c.i.embedder.EclipseLogger - Copying 2 resources
2022-01-31 09:47:13,301 [Worker-25: Launching AvroProducer] WARN  o.e.m.c.i.embedder.EclipseLogger - Using platform encoding (Cp1252 actually) to copy filtered resources, i.e. build is platform dependent!
2022-01-31 09:47:13,302 [Worker-25: Launching AvroProducer] INFO  o.e.m.c.i.embedder.EclipseLogger - Copying 0 resource
2022-01-31 09:47:55,185 [Worker-35: Building] WARN  o.e.m.c.i.embedder.EclipseLogger - Using platform encoding (Cp1252 actually) to copy filtered resources, i.e. build is platform dependent!
2022-01-31 09:47:55,187 [Worker-35: Building] INFO  o.e.m.c.i.embedder.EclipseLogger - Copying 2 resources
2022-01-31 09:47:55,190 [Worker-35: Building] WARN  o.e.m.c.i.embedder.EclipseLogger - Using platform encoding (Cp1252 actually) to copy filtered resources, i.e. build is platform dependent!
2022-01-31 09:47:55,191 [Worker-35: Building] INFO  o.e.m.c.i.embedder.EclipseLogger - Copying 0 resource
2022-01-31 09:51:06,324 [Worker-35: Launching AvroProducer] WARN  o.e.m.c.i.embedder.EclipseLogger - Using platform encoding (Cp1252 actually) to copy filtered resources, i.e. build is platform dependent!
2022-01-31 09:51:06,327 [Worker-35: Launching AvroProducer] INFO  o.e.m.c.i.embedder.EclipseLogger - Copying 2 resources
2022-01-31 09:51:06,329 [Worker-35: Launching AvroProducer] WARN  o.e.m.c.i.embedder.EclipseLogger - Using platform encoding (Cp1252 actually) to copy filtered resources, i.e. build is platform dependent!
2022-01-31 09:51:06,330 [Worker-35: Launching AvroProducer] INFO  o.e.m.c.i.embedder.EclipseLogger - Copying 0 resource
2022-01-31 10:02:15,922 [main] INFO  o.e.m2e.actions.ExecutePomAction - Creating new launch configuration
2022-01-31 10:02:31,567 [Worker-42: Launching Executing generate-sources in C__SchemaSpace_SchemaRegistry] INFO  o.e.m.i.launch.MavenLaunchDelegate - C:\SchemaSpace\SchemaRegistry
2022-01-31 10:02:31,568 [Worker-42: Launching Executing generate-sources in C__SchemaSpace_SchemaRegistry] INFO  o.e.m.i.launch.MavenLaunchDelegate -  mvn -B generate-sources
2022-01-31 10:03:51,521 [Worker-44: Building] WARN  o.e.m.c.i.embedder.EclipseLogger - Using platform encoding (Cp1252 actually) to copy filtered resources, i.e. build is platform dependent!
2022-01-31 10:03:51,524 [Worker-44: Building] INFO  o.e.m.c.i.embedder.EclipseLogger - Copying 2 resources
2022-01-31 10:03:51,526 [Worker-44: Building] WARN  o.e.m.c.i.embedder.EclipseLogger - Using platform encoding (Cp1252 actually) to copy filtered resources, i.e. build is platform dependent!
2022-01-31 10:03:51,528 [Worker-44: Building] INFO  o.e.m.c.i.embedder.EclipseLogger - Copying 0 resource
2022-01-31 10:06:43,741 [Worker-42: Launching AvroProducer] WARN  o.e.m.c.i.embedder.EclipseLogger - Using platform encoding (Cp1252 actually) to copy filtered resources, i.e. build is platform dependent!
2022-01-31 10:06:43,744 [Worker-42: Launching AvroProducer] INFO  o.e.m.c.i.embedder.EclipseLogger - Copying 2 resources
2022-01-31 10:06:43,747 [Worker-42: Launching AvroProducer] WARN  o.e.m.c.i.embedder.EclipseLogger - Using platform encoding (Cp1252 actually) to copy filtered resources, i.e. build is platform dependent!
2022-01-31 10:06:43,748 [Worker-42: Launching AvroProducer] INFO  o.e.m.c.i.embedder.EclipseLogger - Copying 0 resource
2022-01-31 10:08:37,857 [Worker-47: Launching Executing generate-sources in C__SchemaSpace_SchemaRegistry] INFO  o.e.m.i.launch.MavenLaunchDelegate - C:\SchemaSpace\SchemaRegistry
2022-01-31 10:08:37,858 [Worker-47: Launching Executing generate-sources in C__SchemaSpace_SchemaRegistry] INFO  o.e.m.i.launch.MavenLaunchDelegate -  mvn -B generate-sources
2022-01-31 10:09:01,342 [Worker-45: Launching Executing generate-sources in C__SchemaSpace_SchemaRegistry] INFO  o.e.m.i.launch.MavenLaunchDelegate - C:\SchemaSpace\SchemaRegistry
2022-01-31 10:09:01,342 [Worker-45: Launching Executing generate-sources in C__SchemaSpace_SchemaRegistry] INFO  o.e.m.i.launch.MavenLaunchDelegate -  mvn -B generate-sources
2022-01-31 10:09:46,093 [Worker-48: Updating Maven Project] INFO  o.e.m.c.i.p.ProjectConfigurationManager - Update started
2022-01-31 10:09:48,550 [Worker-48: Updating Maven Project] INFO  o.e.m.c.i.l.LifecycleMappingFactory - Using org.eclipse.m2e.jdt.JarLifecycleMapping lifecycle mapping for MavenProject: AvroSerializer:SchemaRegistry:0.0.1-SNAPSHOT @ C:\SchemaSpace\SchemaRegistry\pom.xml.
2022-01-31 10:09:51,021 [Worker-48: Updating Maven Project] INFO  o.e.m.j.i.AbstractJavaProjectConfigurator - Adding source folder /SchemaRegistry/src/main/java
2022-01-31 10:09:51,021 [Worker-48: Updating Maven Project] INFO  o.e.m.j.i.AbstractJavaProjectConfigurator - Adding resource folder /SchemaRegistry/src/main/resources
2022-01-31 10:09:51,023 [Worker-48: Updating Maven Project] INFO  o.e.m.j.i.AbstractJavaProjectConfigurator - Adding source folder /SchemaRegistry/src/test/java
2022-01-31 10:09:51,024 [Worker-48: Updating Maven Project] INFO  o.e.m.j.i.AbstractJavaProjectConfigurator - Adding resource folder /SchemaRegistry/src/test/resources
2022-01-31 10:09:51,698 [Worker-48: Updating Maven Project] INFO  o.e.m.c.i.p.ProjectConfigurationManager - Update completed: 5 sec
2022-01-31 10:09:52,718 [Worker-46: Building] WARN  o.e.m.c.i.embedder.EclipseLogger - Using platform encoding (Cp1252 actually) to copy filtered resources, i.e. build is platform dependent!
2022-01-31 10:09:52,720 [Worker-46: Building] INFO  o.e.m.c.i.embedder.EclipseLogger - Copying 2 resources
2022-01-31 10:09:52,740 [Worker-46: Building] WARN  o.e.m.c.i.embedder.EclipseLogger - Using platform encoding (Cp1252 actually) to copy filtered resources, i.e. build is platform dependent!
2022-01-31 10:09:52,742 [Worker-46: Building] INFO  o.e.m.c.i.embedder.EclipseLogger - Copying 0 resource
2022-01-31 16:28:23,975 [Worker-143: Launching AvroProducer] WARN  o.e.m.c.i.embedder.EclipseLogger - Using platform encoding (Cp1252 actually) to copy filtered resources, i.e. build is platform dependent!
2022-01-31 16:28:24,024 [Worker-143: Launching AvroProducer] INFO  o.e.m.c.i.embedder.EclipseLogger - Copying 2 resources
2022-01-31 16:28:24,028 [Worker-143: Launching AvroProducer] WARN  o.e.m.c.i.embedder.EclipseLogger - Using platform encoding (Cp1252 actually) to copy filtered resources, i.e. build is platform dependent!
2022-01-31 16:28:24,030 [Worker-143: Launching AvroProducer] INFO  o.e.m.c.i.embedder.EclipseLogger - Copying 0 resource
2022-01-31 16:32:43,649 [Worker-148: Launching AvroProducer] WARN  o.e.m.c.i.embedder.EclipseLogger - Using platform encoding (Cp1252 actually) to copy filtered resources, i.e. build is platform dependent!
2022-01-31 16:32:43,654 [Worker-148: Launching AvroProducer] INFO  o.e.m.c.i.embedder.EclipseLogger - Copying 2 resources
2022-01-31 16:32:43,655 [Worker-148: Launching AvroProducer] WARN  o.e.m.c.i.embedder.EclipseLogger - Using platform encoding (Cp1252 actually) to copy filtered resources, i.e. build is platform dependent!
2022-01-31 16:32:43,657 [Worker-148: Launching AvroProducer] INFO  o.e.m.c.i.embedder.EclipseLogger - Copying 0 resource
2022-01-31 18:33:29,964 [Worker-180: Building] WARN  o.e.m.c.i.embedder.EclipseLogger - Using platform encoding (Cp1252 actually) to copy filtered resources, i.e. build is platform dependent!
2022-01-31 18:33:29,969 [Worker-180: Building] INFO  o.e.m.c.i.embedder.EclipseLogger - Copying 2 resources
2022-01-31 18:33:29,971 [Worker-180: Building] WARN  o.e.m.c.i.embedder.EclipseLogger - Using platform encoding (Cp1252 actually) to copy filtered resources, i.e. build is platform dependent!
2022-01-31 18:33:29,973 [Worker-180: Building] INFO  o.e.m.c.i.embedder.EclipseLogger - Copying 0 resource
2022-01-31 18:36:27,435 [Worker-184: Launching AvroProducer] WARN  o.e.m.c.i.embedder.EclipseLogger - Using platform encoding (Cp1252 actually) to copy filtered resources, i.e. build is platform dependent!
2022-01-31 18:36:27,439 [Worker-184: Launching AvroProducer] INFO  o.e.m.c.i.embedder.EclipseLogger - Copying 2 resources
2022-01-31 18:36:27,442 [Worker-184: Launching AvroProducer] WARN  o.e.m.c.i.embedder.EclipseLogger - Using platform encoding (Cp1252 actually) to copy filtered resources, i.e. build is platform dependent!
2022-01-31 18:36:27,446 [Worker-184: Launching AvroProducer] INFO  o.e.m.c.i.embedder.EclipseLogger - Copying 0 resource
2022-01-31 18:38:38,718 [Worker-180: Building] WARN  o.e.m.c.i.embedder.EclipseLogger - Using platform encoding (Cp1252 actually) to copy filtered resources, i.e. build is platform dependent!
2022-01-31 18:38:38,720 [Worker-180: Building] INFO  o.e.m.c.i.embedder.EclipseLogger - Copying 2 resources
2022-01-31 18:38:38,723 [Worker-180: Building] WARN  o.e.m.c.i.embedder.EclipseLogger - Using platform encoding (Cp1252 actually) to copy filtered resources, i.e. build is platform dependent!
2022-01-31 18:38:38,723 [Worker-180: Building] INFO  o.e.m.c.i.embedder.EclipseLogger - Copying 0 resource
2022-02-01 13:07:48,399 [Worker-1: Loading available Gradle versions] INFO  o.e.b.c.i.u.g.PublishedGradleVersions - Gradle version information cache is out-of-date. Trying to update.
2022-02-01 13:12:29,918 [Worker-3: Launching AvroProducer] WARN  o.e.m.c.i.embedder.EclipseLogger - Using platform encoding (Cp1252 actually) to copy filtered resources, i.e. build is platform dependent!
2022-02-01 13:12:29,925 [Worker-3: Launching AvroProducer] INFO  o.e.m.c.i.embedder.EclipseLogger - Copying 2 resources
2022-02-01 13:12:29,932 [Worker-3: Launching AvroProducer] WARN  o.e.m.c.i.embedder.EclipseLogger - Using platform encoding (Cp1252 actually) to copy filtered resources, i.e. build is platform dependent!
2022-02-01 13:12:29,935 [Worker-3: Launching AvroProducer] INFO  o.e.m.c.i.embedder.EclipseLogger - Copying 0 resource
2022-02-01 13:13:04,813 [Worker-7: Launching AvroProducer] WARN  o.e.m.c.i.embedder.EclipseLogger - Using platform encoding (Cp1252 actually) to copy filtered resources, i.e. build is platform dependent!
2022-02-01 13:13:04,819 [Worker-7: Launching AvroProducer] INFO  o.e.m.c.i.embedder.EclipseLogger - Copying 2 resources
2022-02-01 13:13:04,822 [Worker-7: Launching AvroProducer] WARN  o.e.m.c.i.embedder.EclipseLogger - Using platform encoding (Cp1252 actually) to copy filtered resources, i.e. build is platform dependent!
2022-02-01 13:13:04,823 [Worker-7: Launching AvroProducer] INFO  o.e.m.c.i.embedder.EclipseLogger - Copying 0 resource
2022-02-01 13:14:28,262 [Worker-23: Building] WARN  o.e.m.c.i.embedder.EclipseLogger - Using platform encoding (Cp1252 actually) to copy filtered resources, i.e. build is platform dependent!
2022-02-01 13:14:28,265 [Worker-23: Building] INFO  o.e.m.c.i.embedder.EclipseLogger - Copying 1 resource
2022-02-01 13:14:28,272 [Worker-23: Building] WARN  o.e.m.c.i.embedder.EclipseLogger - Using platform encoding (Cp1252 actually) to copy filtered resources, i.e. build is platform dependent!
2022-02-01 13:14:28,274 [Worker-23: Building] INFO  o.e.m.c.i.embedder.EclipseLogger - Copying 0 resource
2022-02-01 13:15:12,691 [Worker-7: Launching Executing generate-sources in C__SchemaSpace_SchemaRegistry] INFO  o.e.m.i.launch.MavenLaunchDelegate - C:\SchemaSpace\SchemaRegistry
2022-02-01 13:15:12,693 [Worker-7: Launching Executing generate-sources in C__SchemaSpace_SchemaRegistry] INFO  o.e.m.i.launch.MavenLaunchDelegate -  mvn -B generate-sources
2022-02-01 13:17:58,947 [Worker-26: Launching Executing generate-sources in C__SchemaSpace_SchemaRegistry] INFO  o.e.m.i.launch.MavenLaunchDelegate - C:\SchemaSpace\SchemaRegistry
2022-02-01 13:17:58,947 [Worker-26: Launching Executing generate-sources in C__SchemaSpace_SchemaRegistry] INFO  o.e.m.i.launch.MavenLaunchDelegate -  mvn -B generate-sources
2022-02-01 13:18:02,017 [Worker-22: Building] WARN  o.e.m.c.i.embedder.EclipseLogger - Using platform encoding (Cp1252 actually) to copy filtered resources, i.e. build is platform dependent!
2022-02-01 13:18:02,019 [Worker-22: Building] INFO  o.e.m.c.i.embedder.EclipseLogger - Copying 2 resources
2022-02-01 13:18:02,021 [Worker-22: Building] WARN  o.e.m.c.i.embedder.EclipseLogger - Using platform encoding (Cp1252 actually) to copy filtered resources, i.e. build is platform dependent!
2022-02-01 13:18:02,022 [Worker-22: Building] INFO  o.e.m.c.i.embedder.EclipseLogger - Copying 0 resource
2022-02-01 13:18:32,947 [Worker-24: Launching AvroProducer] WARN  o.e.m.c.i.embedder.EclipseLogger - Using platform encoding (Cp1252 actually) to copy filtered resources, i.e. build is platform dependent!
2022-02-01 13:18:32,950 [Worker-24: Launching AvroProducer] INFO  o.e.m.c.i.embedder.EclipseLogger - Copying 2 resources
2022-02-01 13:18:32,954 [Worker-24: Launching AvroProducer] WARN  o.e.m.c.i.embedder.EclipseLogger - Using platform encoding (Cp1252 actually) to copy filtered resources, i.e. build is platform dependent!
2022-02-01 13:18:32,956 [Worker-24: Launching AvroProducer] INFO  o.e.m.c.i.embedder.EclipseLogger - Copying 0 resource
2022-02-01 13:20:28,780 [Worker-24: Launching AvroProducer] WARN  o.e.m.c.i.embedder.EclipseLogger - Using platform encoding (Cp1252 actually) to copy filtered resources, i.e. build is platform dependent!
2022-02-01 13:20:28,782 [Worker-24: Launching AvroProducer] INFO  o.e.m.c.i.embedder.EclipseLogger - Copying 2 resources
2022-02-01 13:20:28,784 [Worker-24: Launching AvroProducer] WARN  o.e.m.c.i.embedder.EclipseLogger - Using platform encoding (Cp1252 actually) to copy filtered resources, i.e. build is platform dependent!
2022-02-01 13:20:28,786 [Worker-24: Launching AvroProducer] INFO  o.e.m.c.i.embedder.EclipseLogger - Copying 0 resource
2022-02-01 13:20:55,344 [Worker-30: Launching AvroProducer] WARN  o.e.m.c.i.embedder.EclipseLogger - Using platform encoding (Cp1252 actually) to copy filtered resources, i.e. build is platform dependent!
2022-02-01 13:20:55,346 [Worker-30: Launching AvroProducer] INFO  o.e.m.c.i.embedder.EclipseLogger - Copying 2 resources
2022-02-01 13:20:55,348 [Worker-30: Launching AvroProducer] WARN  o.e.m.c.i.embedder.EclipseLogger - Using platform encoding (Cp1252 actually) to copy filtered resources, i.e. build is platform dependent!
2022-02-01 13:20:55,349 [Worker-30: Launching AvroProducer] INFO  o.e.m.c.i.embedder.EclipseLogger - Copying 0 resource
2022-02-01 13:26:12,599 [Worker-35: Building] WARN  o.e.m.c.i.embedder.EclipseLogger - Using platform encoding (Cp1252 actually) to copy filtered resources, i.e. build is platform dependent!
2022-02-01 13:26:12,603 [Worker-35: Building] INFO  o.e.m.c.i.embedder.EclipseLogger - Copying 1 resource
2022-02-01 13:26:12,615 [Worker-35: Building] WARN  o.e.m.c.i.embedder.EclipseLogger - Using platform encoding (Cp1252 actually) to copy filtered resources, i.e. build is platform dependent!
2022-02-01 13:26:12,617 [Worker-35: Building] INFO  o.e.m.c.i.embedder.EclipseLogger - Copying 0 resource
2022-02-01 13:26:22,434 [Worker-34: Building] WARN  o.e.m.c.i.embedder.EclipseLogger - Using platform encoding (Cp1252 actually) to copy filtered resources, i.e. build is platform dependent!
2022-02-01 13:26:22,435 [Worker-34: Building] INFO  o.e.m.c.i.embedder.EclipseLogger - Copying 2 resources
2022-02-01 13:26:22,437 [Worker-34: Building] WARN  o.e.m.c.i.embedder.EclipseLogger - Using platform encoding (Cp1252 actually) to copy filtered resources, i.e. build is platform dependent!
2022-02-01 13:26:22,438 [Worker-34: Building] INFO  o.e.m.c.i.embedder.EclipseLogger - Copying 0 resource
2022-02-01 13:28:00,176 [Worker-22: Building] WARN  o.e.m.c.i.embedder.EclipseLogger - Using platform encoding (Cp1252 actually) to copy filtered resources, i.e. build is platform dependent!
2022-02-01 13:28:00,178 [Worker-22: Building] INFO  o.e.m.c.i.embedder.EclipseLogger - Copying 2 resources
2022-02-01 13:28:00,180 [Worker-22: Building] WARN  o.e.m.c.i.embedder.EclipseLogger - Using platform encoding (Cp1252 actually) to copy filtered resources, i.e. build is platform dependent!
2022-02-01 13:28:00,182 [Worker-22: Building] INFO  o.e.m.c.i.embedder.EclipseLogger - Copying 0 resource
2022-02-01 13:28:26,612 [Worker-36: Launching Executing generate-sources in C__SchemaSpace_SchemaRegistry] INFO  o.e.m.i.launch.MavenLaunchDelegate - C:\SchemaSpace\SchemaRegistry
2022-02-01 13:28:26,613 [Worker-36: Launching Executing generate-sources in C__SchemaSpace_SchemaRegistry] INFO  o.e.m.i.launch.MavenLaunchDelegate -  mvn -B generate-sources
2022-02-01 13:28:30,095 [Worker-33: Building] WARN  o.e.m.c.i.embedder.EclipseLogger - Using platform encoding (Cp1252 actually) to copy filtered resources, i.e. build is platform dependent!
2022-02-01 13:28:30,096 [Worker-33: Building] INFO  o.e.m.c.i.embedder.EclipseLogger - Copying 2 resources
2022-02-01 13:28:30,097 [Worker-33: Building] WARN  o.e.m.c.i.embedder.EclipseLogger - Using platform encoding (Cp1252 actually) to copy filtered resources, i.e. build is platform dependent!
2022-02-01 13:28:30,098 [Worker-33: Building] INFO  o.e.m.c.i.embedder.EclipseLogger - Copying 0 resource
2022-02-01 19:03:10,566 [Worker-126: Building] WARN  o.e.m.c.i.embedder.EclipseLogger - Using platform encoding (Cp1252 actually) to copy filtered resources, i.e. build is platform dependent!
2022-02-01 19:03:10,579 [Worker-126: Building] INFO  o.e.m.c.i.embedder.EclipseLogger - Copying 2 resources
2022-02-01 19:03:10,585 [Worker-126: Building] WARN  o.e.m.c.i.embedder.EclipseLogger - Using platform encoding (Cp1252 actually) to copy filtered resources, i.e. build is platform dependent!
2022-02-01 19:03:10,589 [Worker-126: Building] INFO  o.e.m.c.i.embedder.EclipseLogger - Copying 0 resource
2022-02-01 19:12:13,443 [Worker-126: Creating project "com.kmc.consumers"] INFO  o.e.m.c.i.l.LifecycleMappingFactory - Using org.eclipse.m2e.jdt.JarLifecycleMapping lifecycle mapping for MavenProject: SchemaConsumers:com.kmc.consumers:0.0.1-SNAPSHOT @ C:\SchemaSpace\com.kmc.consumers\pom.xml.
2022-02-01 19:12:13,807 [Worker-126: Creating project "com.kmc.consumers"] INFO  o.e.m.j.i.AbstractJavaProjectConfigurator - Adding source folder /com.kmc.consumers/src/main/java
2022-02-01 19:12:13,808 [Worker-126: Creating project "com.kmc.consumers"] INFO  o.e.m.j.i.AbstractJavaProjectConfigurator - Adding resource folder /com.kmc.consumers/src/main/resources
2022-02-01 19:12:13,809 [Worker-126: Creating project "com.kmc.consumers"] INFO  o.e.m.j.i.AbstractJavaProjectConfigurator - Adding source folder /com.kmc.consumers/src/test/java
2022-02-01 19:12:13,809 [Worker-126: Creating project "com.kmc.consumers"] INFO  o.e.m.j.i.AbstractJavaProjectConfigurator - Adding resource folder /com.kmc.consumers/src/test/resources
2022-02-01 19:12:14,449 [Worker-126: Building] WARN  o.e.m.c.i.embedder.EclipseLogger - Using platform encoding (Cp1252 actually) to copy filtered resources, i.e. build is platform dependent!
2022-02-01 19:12:14,451 [Worker-126: Building] INFO  o.e.m.c.i.embedder.EclipseLogger - Copying 0 resource
2022-02-01 19:12:14,452 [Worker-126: Building] WARN  o.e.m.c.i.embedder.EclipseLogger - Using platform encoding (Cp1252 actually) to copy filtered resources, i.e. build is platform dependent!
2022-02-01 19:12:14,454 [Worker-126: Building] INFO  o.e.m.c.i.embedder.EclipseLogger - Copying 0 resource
2022-02-01 19:13:43,800 [Worker-123: Creating project "SchemaConsumers"] INFO  o.e.m.c.i.l.LifecycleMappingFactory - Using org.eclipse.m2e.jdt.JarLifecycleMapping lifecycle mapping for MavenProject: schemaRegistryConsumers:SchemaConsumers:0.0.1-SNAPSHOT @ C:\SchemaSpace\SchemaConsumers\pom.xml.
2022-02-01 19:13:43,973 [Worker-123: Creating project "SchemaConsumers"] INFO  o.e.m.j.i.AbstractJavaProjectConfigurator - Adding source folder /SchemaConsumers/src/main/java
2022-02-01 19:13:43,973 [Worker-123: Creating project "SchemaConsumers"] INFO  o.e.m.j.i.AbstractJavaProjectConfigurator - Adding resource folder /SchemaConsumers/src/main/resources
2022-02-01 19:13:43,973 [Worker-123: Creating project "SchemaConsumers"] INFO  o.e.m.j.i.AbstractJavaProjectConfigurator - Adding source folder /SchemaConsumers/src/test/java
2022-02-01 19:13:43,974 [Worker-123: Creating project "SchemaConsumers"] INFO  o.e.m.j.i.AbstractJavaProjectConfigurator - Adding resource folder /SchemaConsumers/src/test/resources
2022-02-01 19:13:44,282 [Worker-128: Building] WARN  o.e.m.c.i.embedder.EclipseLogger - Using platform encoding (Cp1252 actually) to copy filtered resources, i.e. build is platform dependent!
2022-02-01 19:13:44,284 [Worker-128: Building] INFO  o.e.m.c.i.embedder.EclipseLogger - Copying 0 resource
2022-02-01 19:13:44,285 [Worker-128: Building] WARN  o.e.m.c.i.embedder.EclipseLogger - Using platform encoding (Cp1252 actually) to copy filtered resources, i.e. build is platform dependent!
2022-02-01 19:13:44,287 [Worker-128: Building] INFO  o.e.m.c.i.embedder.EclipseLogger - Copying 0 resource
2022-02-01 19:14:22,853 [Worker-126: Building] INFO  o.e.m.c.i.l.LifecycleMappingFactory - Using org.eclipse.m2e.jdt.JarLifecycleMapping lifecycle mapping for MavenProject: schemaRegistryConsumers:SchemaConsumers:0.0.1-SNAPSHOT @ C:\SchemaSpace\SchemaConsumers\pom.xml.
2022-02-01 19:14:23,797 [Worker-126: Building] WARN  o.e.m.c.i.embedder.EclipseLogger - Using platform encoding (Cp1252 actually) to copy filtered resources, i.e. build is platform dependent!
2022-02-01 19:14:23,799 [Worker-126: Building] INFO  o.e.m.c.i.embedder.EclipseLogger - Copying 0 resource
2022-02-01 19:14:23,800 [Worker-126: Building] WARN  o.e.m.c.i.embedder.EclipseLogger - Using platform encoding (Cp1252 actually) to copy filtered resources, i.e. build is platform dependent!
2022-02-01 19:14:23,801 [Worker-126: Building] INFO  o.e.m.c.i.embedder.EclipseLogger - Copying 0 resource
2022-02-01 19:14:24,401 [Worker-127: Building] WARN  o.e.m.c.i.embedder.EclipseLogger - Using platform encoding (Cp1252 actually) to copy filtered resources, i.e. build is platform dependent!
2022-02-01 19:14:24,402 [Worker-127: Building] INFO  o.e.m.c.i.embedder.EclipseLogger - Copying 0 resource
2022-02-01 19:14:24,405 [Worker-127: Building] WARN  o.e.m.c.i.embedder.EclipseLogger - Using platform encoding (Cp1252 actually) to copy filtered resources, i.e. build is platform dependent!
2022-02-01 19:14:24,406 [Worker-127: Building] INFO  o.e.m.c.i.embedder.EclipseLogger - Copying 0 resource
2022-02-01 19:15:37,298 [Worker-123: Building] WARN  o.e.m.c.i.embedder.EclipseLogger - Using platform encoding (Cp1252 actually) to copy filtered resources, i.e. build is platform dependent!
2022-02-01 19:15:37,300 [Worker-123: Building] INFO  o.e.m.c.i.embedder.EclipseLogger - Copying 1 resource
2022-02-01 19:15:37,303 [Worker-123: Building] WARN  o.e.m.c.i.embedder.EclipseLogger - Using platform encoding (Cp1252 actually) to copy filtered resources, i.e. build is platform dependent!
2022-02-01 19:15:37,304 [Worker-123: Building] INFO  o.e.m.c.i.embedder.EclipseLogger - Copying 0 resource
2022-02-01 19:16:30,807 [Worker-128: Launching Executing generate-sources in C__SchemaSpace_SchemaConsumers] INFO  o.e.m.i.launch.MavenLaunchDelegate - C:\SchemaSpace\SchemaConsumers
2022-02-01 19:16:30,808 [Worker-128: Launching Executing generate-sources in C__SchemaSpace_SchemaConsumers] INFO  o.e.m.i.launch.MavenLaunchDelegate -  mvn -B generate-sources
2022-02-01 19:16:34,023 [Worker-126: Building] WARN  o.e.m.c.i.embedder.EclipseLogger - Using platform encoding (Cp1252 actually) to copy filtered resources, i.e. build is platform dependent!
2022-02-01 19:16:34,025 [Worker-126: Building] INFO  o.e.m.c.i.embedder.EclipseLogger - Copying 1 resource
2022-02-01 19:16:34,027 [Worker-126: Building] WARN  o.e.m.c.i.embedder.EclipseLogger - Using platform encoding (Cp1252 actually) to copy filtered resources, i.e. build is platform dependent!
2022-02-01 19:16:34,029 [Worker-126: Building] INFO  o.e.m.c.i.embedder.EclipseLogger - Copying 0 resource
2022-02-01 19:19:00,375 [Worker-123: Building] WARN  o.e.m.c.i.embedder.EclipseLogger - Using platform encoding (Cp1252 actually) to copy filtered resources, i.e. build is platform dependent!
2022-02-01 19:19:00,378 [Worker-123: Building] INFO  o.e.m.c.i.embedder.EclipseLogger - Copying 1 resource
2022-02-01 19:19:00,382 [Worker-123: Building] WARN  o.e.m.c.i.embedder.EclipseLogger - Using platform encoding (Cp1252 actually) to copy filtered resources, i.e. build is platform dependent!
2022-02-01 19:19:00,383 [Worker-123: Building] INFO  o.e.m.c.i.embedder.EclipseLogger - Copying 0 resource
2022-02-01 19:23:26,026 [Worker-123: Launching AvroConsumer] WARN  o.e.m.c.i.embedder.EclipseLogger - Using platform encoding (Cp1252 actually) to copy filtered resources, i.e. build is platform dependent!
2022-02-01 19:23:26,034 [Worker-123: Launching AvroConsumer] INFO  o.e.m.c.i.embedder.EclipseLogger - Copying 1 resource
2022-02-01 19:23:26,036 [Worker-123: Launching AvroConsumer] WARN  o.e.m.c.i.embedder.EclipseLogger - Using platform encoding (Cp1252 actually) to copy filtered resources, i.e. build is platform dependent!
2022-02-01 19:23:26,039 [Worker-123: Launching AvroConsumer] INFO  o.e.m.c.i.embedder.EclipseLogger - Copying 0 resource
2022-02-01 19:25:57,161 [Worker-126: Building] WARN  o.e.m.c.i.embedder.EclipseLogger - Using platform encoding (Cp1252 actually) to copy filtered resources, i.e. build is platform dependent!
2022-02-01 19:25:57,163 [Worker-126: Building] INFO  o.e.m.c.i.embedder.EclipseLogger - Copying 2 resources
2022-02-01 19:25:57,164 [Worker-126: Building] WARN  o.e.m.c.i.embedder.EclipseLogger - Using platform encoding (Cp1252 actually) to copy filtered resources, i.e. build is platform dependent!
2022-02-01 19:25:57,165 [Worker-126: Building] INFO  o.e.m.c.i.embedder.EclipseLogger - Copying 0 resource
2022-02-01 19:26:55,185 [Worker-126: Launching AvroConsumer] WARN  o.e.m.c.i.embedder.EclipseLogger - Using platform encoding (Cp1252 actually) to copy filtered resources, i.e. build is platform dependent!
2022-02-01 19:26:55,188 [Worker-126: Launching AvroConsumer] INFO  o.e.m.c.i.embedder.EclipseLogger - Copying 1 resource
2022-02-01 19:26:55,191 [Worker-126: Launching AvroConsumer] WARN  o.e.m.c.i.embedder.EclipseLogger - Using platform encoding (Cp1252 actually) to copy filtered resources, i.e. build is platform dependent!
2022-02-01 19:26:55,192 [Worker-126: Launching AvroConsumer] INFO  o.e.m.c.i.embedder.EclipseLogger - Copying 0 resource
2022-02-01 19:28:19,737 [Worker-130: Building] WARN  o.e.m.c.i.embedder.EclipseLogger - Using platform encoding (Cp1252 actually) to copy filtered resources, i.e. build is platform dependent!
2022-02-01 19:28:19,739 [Worker-130: Building] INFO  o.e.m.c.i.embedder.EclipseLogger - Copying 2 resources
2022-02-01 19:28:19,740 [Worker-130: Building] WARN  o.e.m.c.i.embedder.EclipseLogger - Using platform encoding (Cp1252 actually) to copy filtered resources, i.e. build is platform dependent!
2022-02-01 19:28:19,742 [Worker-130: Building] INFO  o.e.m.c.i.embedder.EclipseLogger - Copying 0 resource
2022-02-01 19:44:29,149 [Worker-143: Building] WARN  o.e.m.c.i.embedder.EclipseLogger - Using platform encoding (Cp1252 actually) to copy filtered resources, i.e. build is platform dependent!
2022-02-01 19:44:29,161 [Worker-143: Building] INFO  o.e.m.c.i.embedder.EclipseLogger - Copying 1 resource
2022-02-01 19:44:29,164 [Worker-143: Building] WARN  o.e.m.c.i.embedder.EclipseLogger - Using platform encoding (Cp1252 actually) to copy filtered resources, i.e. build is platform dependent!
2022-02-01 19:44:29,165 [Worker-143: Building] INFO  o.e.m.c.i.embedder.EclipseLogger - Copying 0 resource
2022-02-01 19:48:38,666 [Worker-143: Building] WARN  o.e.m.c.i.embedder.EclipseLogger - Using platform encoding (Cp1252 actually) to copy filtered resources, i.e. build is platform dependent!
2022-02-01 19:48:38,745 [Worker-143: Building] INFO  o.e.m.c.i.embedder.EclipseLogger - Copying 1 resource
2022-02-01 19:48:38,750 [Worker-143: Building] WARN  o.e.m.c.i.embedder.EclipseLogger - Using platform encoding (Cp1252 actually) to copy filtered resources, i.e. build is platform dependent!
2022-02-01 19:48:38,752 [Worker-143: Building] INFO  o.e.m.c.i.embedder.EclipseLogger - Copying 0 resource
2022-02-01 19:51:29,473 [Worker-144: Launching Executing generate-sources in C__SchemaSpace_SchemaRegistry] INFO  o.e.m.i.launch.MavenLaunchDelegate - C:\SchemaSpace\SchemaRegistry
2022-02-01 19:51:29,473 [Worker-144: Launching Executing generate-sources in C__SchemaSpace_SchemaRegistry] INFO  o.e.m.i.launch.MavenLaunchDelegate -  mvn -B generate-sources
2022-02-01 19:51:33,793 [Worker-148: Building] WARN  o.e.m.c.i.embedder.EclipseLogger - Using platform encoding (Cp1252 actually) to copy filtered resources, i.e. build is platform dependent!
2022-02-01 19:51:33,795 [Worker-148: Building] INFO  o.e.m.c.i.embedder.EclipseLogger - Copying 2 resources
2022-02-01 19:51:33,797 [Worker-148: Building] WARN  o.e.m.c.i.embedder.EclipseLogger - Using platform encoding (Cp1252 actually) to copy filtered resources, i.e. build is platform dependent!
2022-02-01 19:51:33,798 [Worker-148: Building] INFO  o.e.m.c.i.embedder.EclipseLogger - Copying 0 resource
2022-02-01 19:51:57,634 [Worker-146: Building] WARN  o.e.m.c.i.embedder.EclipseLogger - Using platform encoding (Cp1252 actually) to copy filtered resources, i.e. build is platform dependent!
2022-02-01 19:51:57,637 [Worker-146: Building] INFO  o.e.m.c.i.embedder.EclipseLogger - Copying 2 resources
2022-02-01 19:51:57,641 [Worker-146: Building] WARN  o.e.m.c.i.embedder.EclipseLogger - Using platform encoding (Cp1252 actually) to copy filtered resources, i.e. build is platform dependent!
2022-02-01 19:51:57,642 [Worker-146: Building] INFO  o.e.m.c.i.embedder.EclipseLogger - Copying 0 resource
2022-02-01 20:01:09,297 [Worker-150: Building] WARN  o.e.m.c.i.embedder.EclipseLogger - Using platform encoding (Cp1252 actually) to copy filtered resources, i.e. build is platform dependent!
2022-02-01 20:01:09,312 [Worker-150: Building] INFO  o.e.m.c.i.embedder.EclipseLogger - Copying 1 resource
2022-02-01 20:01:09,315 [Worker-150: Building] WARN  o.e.m.c.i.embedder.EclipseLogger - Using platform encoding (Cp1252 actually) to copy filtered resources, i.e. build is platform dependent!
2022-02-01 20:01:09,316 [Worker-150: Building] INFO  o.e.m.c.i.embedder.EclipseLogger - Copying 0 resource
2022-02-01 20:01:47,539 [Worker-154: Building] WARN  o.e.m.c.i.embedder.EclipseLogger - Using platform encoding (Cp1252 actually) to copy filtered resources, i.e. build is platform dependent!
2022-02-01 20:01:47,540 [Worker-154: Building] INFO  o.e.m.c.i.embedder.EclipseLogger - Copying 1 resource
2022-02-01 20:01:47,543 [Worker-154: Building] WARN  o.e.m.c.i.embedder.EclipseLogger - Using platform encoding (Cp1252 actually) to copy filtered resources, i.e. build is platform dependent!
2022-02-01 20:01:47,543 [Worker-154: Building] INFO  o.e.m.c.i.embedder.EclipseLogger - Copying 0 resource
2022-02-01 20:03:34,423 [Worker-153: Launching Executing generate-sources in C__SchemaSpace_SchemaConsumers] INFO  o.e.m.i.launch.MavenLaunchDelegate - C:\SchemaSpace\SchemaConsumers
2022-02-01 20:03:34,423 [Worker-153: Launching Executing generate-sources in C__SchemaSpace_SchemaConsumers] INFO  o.e.m.i.launch.MavenLaunchDelegate -  mvn -B generate-sources
2022-02-01 20:03:38,027 [Worker-153: Building] WARN  o.e.m.c.i.embedder.EclipseLogger - Using platform encoding (Cp1252 actually) to copy filtered resources, i.e. build is platform dependent!
2022-02-01 20:03:38,030 [Worker-153: Building] INFO  o.e.m.c.i.embedder.EclipseLogger - Copying 1 resource
2022-02-01 20:03:38,032 [Worker-153: Building] WARN  o.e.m.c.i.embedder.EclipseLogger - Using platform encoding (Cp1252 actually) to copy filtered resources, i.e. build is platform dependent!
2022-02-01 20:03:38,034 [Worker-153: Building] INFO  o.e.m.c.i.embedder.EclipseLogger - Copying 0 resource
2022-02-01 20:03:57,342 [Worker-156: Building] WARN  o.e.m.c.i.embedder.EclipseLogger - Using platform encoding (Cp1252 actually) to copy filtered resources, i.e. build is platform dependent!
2022-02-01 20:03:57,344 [Worker-156: Building] INFO  o.e.m.c.i.embedder.EclipseLogger - Copying 1 resource
2022-02-01 20:03:57,347 [Worker-156: Building] WARN  o.e.m.c.i.embedder.EclipseLogger - Using platform encoding (Cp1252 actually) to copy filtered resources, i.e. build is platform dependent!
2022-02-01 20:03:57,349 [Worker-156: Building] INFO  o.e.m.c.i.embedder.EclipseLogger - Copying 0 resource
